  SolarSystem.cpp
c:\users\mr.d\documents\visual studio 2015\projects\solarsystem\solarsystem\Planet.h(206): warning C4244: “参数”: 从“double”转换到“unsigned int”，可能丢失数据
c:\users\mr.d\documents\visual studio 2015\projects\solarsystem\solarsystem\Planet.h(217): warning C4244: “=”: 从“int”转换到“GLfloat”，可能丢失数据
c:\users\mr.d\documents\visual studio 2015\projects\solarsystem\solarsystem\Planet.h(225): warning C4018: “<”: 有符号/无符号不匹配
c:\users\mr.d\documents\visual studio 2015\projects\solarsystem\solarsystem\Planet.h(249): warning C4018: “<”: 有符号/无符号不匹配
c:\users\mr.d\documents\visual studio 2015\projects\solarsystem\solarsystem\Planet.h(253): warning C4244: “=”: 从“double”转换到“float”，可能丢失数据
c:\users\mr.d\documents\visual studio 2015\projects\solarsystem\solarsystem\Planet.h(255): warning C4244: “=”: 从“double”转换到“float”，可能丢失数据
SolarSystem.cpp(44): warning C4244: “初始化”: 从“double”转换到“GLfloat”，可能丢失数据
SolarSystem.cpp(45): warning C4244: “初始化”: 从“double”转换到“GLfloat”，可能丢失数据
SolarSystem.cpp(337): warning C4244: “初始化”: 从“double”转换到“GLfloat”，可能丢失数据
SOIL.lib(SOIL.obj) : warning LNK4075: 忽略“/EDITANDCONTINUE”(由于“/OPT:ICF”规范)
LINK : warning LNK4098: 默认库“LIBCMT”与其他库的使用冲突；请使用 /NODEFAULTLIB:library
LINK : warning LNK4098: 默认库“MSVCRTD”与其他库的使用冲突；请使用 /NODEFAULTLIB:library
  正在生成代码
  1 of 874 functions ( 0.1%) were compiled, the rest were copied from previous compilation.
    0 functions were new in current compilation
    0 functions had inline decision re-evaluated but remain unchanged
  已完成代码的生成
glew32s.lib(glew.obj) : warning LNK4099: 未找到 PDB“vc120.pdb”(使用“glew32s.lib(glew.obj)”或在“C:\Users\Mr.D\documents\visual studio 2015\Projects\SolarSystem\Release\vc120.pdb”中寻找)；正在链接对象，如同没有调试信息一样
SOIL.lib(image_DXT.obj) : warning LNK4099: 未找到 PDB“SOIL.pdb”(使用“SOIL.lib(image_DXT.obj)”或在“C:\Users\Mr.D\documents\visual studio 2015\Projects\SolarSystem\Release\SOIL.pdb”中寻找)；正在链接对象，如同没有调试信息一样
SOIL.lib(image_helper.obj) : warning LNK4099: 未找到 PDB“SOIL.pdb”(使用“SOIL.lib(image_helper.obj)”或在“C:\Users\Mr.D\documents\visual studio 2015\Projects\SolarSystem\Release\SOIL.pdb”中寻找)；正在链接对象，如同没有调试信息一样
SOIL.lib(SOIL.obj) : warning LNK4099: 未找到 PDB“SOIL.pdb”(使用“SOIL.lib(SOIL.obj)”或在“C:\Users\Mr.D\documents\visual studio 2015\Projects\SolarSystem\Release\SOIL.pdb”中寻找)；正在链接对象，如同没有调试信息一样
SOIL.lib(stb_image_aug.obj) : warning LNK4099: 未找到 PDB“SOIL.pdb”(使用“SOIL.lib(stb_image_aug.obj)”或在“C:\Users\Mr.D\documents\visual studio 2015\Projects\SolarSystem\Release\SOIL.pdb”中寻找)；正在链接对象，如同没有调试信息一样
  SolarSystem.vcxproj -> C:\Users\Mr.D\documents\visual studio 2015\Projects\SolarSystem\Release\SolarSystem.exe
  SolarSystem.vcxproj -> C:\Users\Mr.D\documents\visual studio 2015\Projects\SolarSystem\Release\SolarSystem.pdb (Full PDB)
